# JRE version: Java(TM) SE Runtime Environment (8.0_45-b14) (build 1.8.0_45-b14)
# Java VM: Java HotSpot(TM) 64-Bit Server VM (25.45-b02 mixed mode linux-amd64 compressed oops)
Heap:
 par new generation   total 39296K, used 21797K [0x00000000d1200000, 0x00000000d3ca0000, 0x00000000e0c00000)
  eden space 34944K,  54% used [0x00000000d1200000, 0x00000000d248bac0, 0x00000000d3420000)
  from space 4352K,  64% used [0x00000000d3860000, 0x00000000d3b1da80, 0x00000000d3ca0000)
  to   space 4352K,   0% used [0x00000000d3420000, 0x00000000d3420000, 0x00000000d3860000)
 concurrent mark-sweep generation total 232240K, used 155708K [0x00000000e0c00000, 0x00000000eeecc000, 0x0000000100000000)
 Metaspace       used 172375K, capacity 174460K, committed 176196K, reserved 1200128K
  class space    used 24549K, capacity 25180K, committed 25508K, reserved 1048576K
GC Heap History (10 events):
Event: 100455.124 GC heap before
{Heap before GC invocations=3258 (full 61):
 par new generation   total 39296K, used 39296K [0x00000000d1200000, 0x00000000d3ca0000, 0x00000000e0c00000)
  eden space 34944K, 100% used [0x00000000d1200000, 0x00000000d3420000, 0x00000000d3420000)
  from space 4352K, 100% used [0x00000000d3420000, 0x00000000d3860000, 0x00000000d3860000)
  to   space 4352K,   0% used [0x00000000d3860000, 0x00000000d3860000, 0x00000000d3ca0000)
 concurrent mark-sweep generation total 232240K, used 151824K [0x00000000e0c00000, 0x00000000eeecc000, 0x0000000100000000)
 Metaspace       used 171329K, capacity 173362K, committed 175172K, reserved 1200128K
  class space    used 24405K, capacity 24949K, committed 25252K, reserved 1048576K
Event: 100455.138 GC heap after
Heap after GC invocations=3259 (full 61):
 par new generation   total 39296K, used 3044K [0x00000000d1200000, 0x00000000d3ca0000, 0x00000000e0c00000)
  eden space 34944K,   0% used [0x00000000d1200000, 0x00000000d1200000, 0x00000000d3420000)
  from space 4352K,  69% used [0x00000000d3860000, 0x00000000d3b593c0, 0x00000000d3ca0000)
  to   space 4352K,   0% used [0x00000000d3420000, 0x00000000d3420000, 0x00000000d3860000)
 concurrent mark-sweep generation total 232240K, used 153418K [0x00000000e0c00000, 0x00000000eeecc000, 0x0000000100000000)
 Metaspace       used 171329K, capacity 173362K, committed 175172K, reserved 1200128K
  class space    used 24405K, capacity 24949K, committed 25252K, reserved 1048576K
}
Event: 100455.546 GC heap before
{Heap before GC invocations=3259 (full 61):
 par new generation   total 39296K, used 37988K [0x00000000d1200000, 0x00000000d3ca0000, 0x00000000e0c00000)
  eden space 34944K, 100% used [0x00000000d1200000, 0x00000000d3420000, 0x00000000d3420000)
  from space 4352K,  69% used [0x00000000d3860000, 0x00000000d3b593c0, 0x00000000d3ca0000)
  to   space 4352K,   0% used [0x00000000d3420000, 0x00000000d3420000, 0x00000000d3860000)
 concurrent mark-sweep generation total 232240K, used 153418K [0x00000000e0c00000, 0x00000000eeecc000, 0x0000000100000000)
 Metaspace       used 171329K, capacity 173362K, committed 175172K, reserved 1200128K
  class space    used 24405K, capacity 24949K, committed 25252K, reserved 1048576K
Event: 100455.553 GC heap after
Heap after GC invocations=3260 (full 61):
 par new generation   total 39296K, used 3605K [0x00000000d1200000, 0x00000000d3ca0000, 0x00000000e0c00000)
  eden space 34944K,   0% used [0x00000000d1200000, 0x00000000d1200000, 0x00000000d3420000)
  from space 4352K,  82% used [0x00000000d3420000, 0x00000000d37a5670, 0x00000000d3860000)
  to   space 4352K,   0% used [0x00000000d3860000, 0x00000000d3860000, 0x00000000d3ca0000)
 concurrent mark-sweep generation total 232240K, used 153948K [0x00000000e0c00000, 0x00000000eeecc000, 0x0000000100000000)
 Metaspace       used 171329K, capacity 173362K, committed 175172K, reserved 1200128K
  class space    used 24405K, capacity 24949K, committed 25252K, reserved 1048576K
}
Event: 100455.660 GC heap before
{Heap before GC invocations=3260 (full 61):
 par new generation   total 39296K, used 38549K [0x00000000d1200000, 0x00000000d3ca0000, 0x00000000e0c00000)
  eden space 34944K, 100% used [0x00000000d1200000, 0x00000000d3420000, 0x00000000d3420000)
  from space 4352K,  82% used [0x00000000d3420000, 0x00000000d37a5670, 0x00000000d3860000)
  to   space 4352K,   0% used [0x00000000d3860000, 0x00000000d3860000, 0x00000000d3ca0000)
 concurrent mark-sweep generation total 232240K, used 153948K [0x00000000e0c00000, 0x00000000eeecc000, 0x0000000100000000)
 Metaspace       used 171329K, capacity 173362K, committed 175172K, reserved 1200128K
  class space    used 24405K, capacity 24949K, committed 25252K, reserved 1048576K
Event: 100455.667 GC heap after
Heap after GC invocations=3261 (full 61):
 par new generation   total 39296K, used 3556K [0x00000000d1200000, 0x00000000d3ca0000, 0x00000000e0c00000)
  eden space 34944K,   0% used [0x00000000d1200000, 0x00000000d1200000, 0x00000000d3420000)
  from space 4352K,  81% used [0x00000000d3860000, 0x00000000d3bd9180, 0x00000000d3ca0000)
  to   space 4352K,   0% used [0x00000000d3420000, 0x00000000d3420000, 0x00000000d3860000)
 concurrent mark-sweep generation total 232240K, used 154099K [0x00000000e0c00000, 0x00000000eeecc000, 0x0000000100000000)
 Metaspace       used 171329K, capacity 173362K, committed 175172K, reserved 1200128K
  class space    used 24405K, capacity 24949K, committed 25252K, reserved 1048576K
}
Event: 100457.652 GC heap before
{Heap before GC invocations=3261 (full 61):
 par new generation   total 39296K, used 38500K [0x00000000d1200000, 0x00000000d3ca0000, 0x00000000e0c00000)
  eden space 34944K, 100% used [0x00000000d1200000, 0x00000000d3420000, 0x00000000d3420000)
  from space 4352K,  81% used [0x00000000d3860000, 0x00000000d3bd9180, 0x00000000d3ca0000)
  to   space 4352K,   0% used [0x00000000d3420000, 0x00000000d3420000, 0x00000000d3860000)
 concurrent mark-sweep generation total 232240K, used 154099K [0x00000000e0c00000, 0x00000000eeecc000, 0x0000000100000000)
 Metaspace       used 172337K, capacity 174424K, committed 176196K, reserved 1200128K
  class space    used 24545K, capacity 25174K, committed 25508K, reserved 1048576K
Event: 100457.659 GC heap after
Heap after GC invocations=3262 (full 61):
 par new generation   total 39296K, used 3093K [0x00000000d1200000, 0x00000000d3ca0000, 0x00000000e0c00000)
  eden space 34944K,   0% used [0x00000000d1200000, 0x00000000d1200000, 0x00000000d3420000)
  from space 4352K,  71% used [0x00000000d3420000, 0x00000000d3725700, 0x00000000d3860000)
  to   space 4352K,   0% used [0x00000000d3860000, 0x00000000d3860000, 0x00000000d3ca0000)
 concurrent mark-sweep generation total 232240K, used 155708K [0x00000000e0c00000, 0x00000000eeecc000, 0x0000000100000000)
 Metaspace       used 172337K, capacity 174424K, committed 176196K, reserved 1200128K
  class space    used 24545K, capacity 25174K, committed 25508K, reserved 1048576K
}
Event: 100961.316 GC heap before
{Heap before GC invocations=3262 (full 61):
 par new generation   total 39296K, used 38037K [0x00000000d1200000, 0x00000000d3ca0000, 0x00000000e0c00000)
  eden space 34944K, 100% used [0x00000000d1200000, 0x00000000d3420000, 0x00000000d3420000)
  from space 4352K,  71% used [0x00000000d3420000, 0x00000000d3725700, 0x00000000d3860000)
  to   space 4352K,   0% used [0x00000000d3860000, 0x00000000d3860000, 0x00000000d3ca0000)
 concurrent mark-sweep generation total 232240K, used 155708K [0x00000000e0c00000, 0x00000000eeecc000, 0x0000000100000000)
 Metaspace       used 172340K, capacity 174424K, committed 176196K, reserved 1200128K
  class space    used 24545K, capacity 25174K, committed 25508K, reserved 1048576K
Event: 100961.320 GC heap after
Heap after GC invocations=3263 (full 61):
 par new generation   total 39296K, used 2806K [0x00000000d1200000, 0x00000000d3ca0000, 0x00000000e0c00000)
  eden space 34944K,   0% used [0x00000000d1200000, 0x00000000d1200000, 0x00000000d3420000)
  from space 4352K,  64% used [0x00000000d3860000, 0x00000000d3b1da80, 0x00000000d3ca0000)
  to   space 4352K,   0% used [0x00000000d3420000, 0x00000000d3420000, 0x00000000d3860000)
 concurrent mark-sweep generation total 232240K, used 155708K [0x00000000e0c00000, 0x00000000eeecc000, 0x0000000100000000)
 Metaspace       used 172340K, capacity 174424K, committed 176196K, reserved 1200128K
  class space    used 24545K, capacity 25174K, committed 25508K, reserved 1048576K
}

